0 info it worked if it ends with ok
1 verbose cli [ '/home/baysao/.nvm/versions/node/v4.2.2/bin/node',
1 verbose cli   '/usr/bin/npm',
1 verbose cli   'install',
1 verbose cli   'requirejs-promise',
1 verbose cli   '--save' ]
2 info using npm@2.14.7
3 info using node@v4.2.2
4 verbose config Skipping project config: /home/baysao/.npmrc. (matches userconfig)
5 verbose install initial load of /home/baysao/package.json
6 verbose installManyTop reading scoped package data from /home/baysao/node_modules/babel/package.json
7 verbose installManyTop reading scoped package data from /home/baysao/node_modules/ddp/package.json
8 verbose installManyTop reading scoped package data from /home/baysao/node_modules/ddp-login/package.json
9 verbose installManyTop reading scoped package data from /home/baysao/node_modules/meteor-job/package.json
10 verbose installManyTop reading scoped package data from /home/baysao/node_modules/restify/package.json
11 info package.json ddp@0.11.0 license should be a valid SPDX license expression
12 verbose readDependencies loading dependencies from /home/baysao/package.json
13 silly cache add args [ 'requirejs-promise', null ]
14 verbose cache add spec requirejs-promise
15 silly cache add parsed spec Result {
15 silly cache add   raw: 'requirejs-promise',
15 silly cache add   scope: null,
15 silly cache add   name: 'requirejs-promise',
15 silly cache add   rawSpec: '',
15 silly cache add   spec: '*',
15 silly cache add   type: 'range' }
16 silly addNamed requirejs-promise@*
17 verbose addNamed "*" is a valid semver range for requirejs-promise
18 silly addNameRange { name: 'requirejs-promise', range: '*', hasData: false }
19 silly mapToRegistry name requirejs-promise
20 silly mapToRegistry using default registry
21 silly mapToRegistry registry https://registry.npmjs.org/
22 silly mapToRegistry uri https://registry.npmjs.org/requirejs-promise
23 verbose addNameRange registry:https://registry.npmjs.org/requirejs-promise not in flight; fetching
24 verbose request uri https://registry.npmjs.org/requirejs-promise
25 verbose request no auth needed
26 info attempt registry request try #1 at 4:08:09 PM
27 verbose request id 93403633e10f4839
28 http request GET https://registry.npmjs.org/requirejs-promise
29 http 404 https://registry.npmjs.org/requirejs-promise
30 verbose headers { 'content-type': 'application/json',
30 verbose headers   'cache-control': 'max-age=0',
30 verbose headers   'content-length': '2',
30 verbose headers   'accept-ranges': 'bytes',
30 verbose headers   date: 'Thu, 10 Dec 2015 09:08:11 GMT',
30 verbose headers   via: '1.1 varnish',
30 verbose headers   age: '0',
30 verbose headers   connection: 'keep-alive',
30 verbose headers   'x-served-by': 'cache-hkg6824-HKG',
30 verbose headers   'x-cache': 'MISS',
30 verbose headers   'x-cache-hits': '0',
30 verbose headers   'x-timer': 'S1449738490.375002,VS0,VE744' }
31 silly get cb [ 404,
31 silly get   { 'content-type': 'application/json',
31 silly get     'cache-control': 'max-age=0',
31 silly get     'content-length': '2',
31 silly get     'accept-ranges': 'bytes',
31 silly get     date: 'Thu, 10 Dec 2015 09:08:11 GMT',
31 silly get     via: '1.1 varnish',
31 silly get     age: '0',
31 silly get     connection: 'keep-alive',
31 silly get     'x-served-by': 'cache-hkg6824-HKG',
31 silly get     'x-cache': 'MISS',
31 silly get     'x-cache-hits': '0',
31 silly get     'x-timer': 'S1449738490.375002,VS0,VE744' } ]
32 verbose stack Error: Registry returned 404 for GET on https://registry.npmjs.org/requirejs-promise
32 verbose stack     at makeError (/home/baysao/.nvm/versions/node/v4.2.2/lib/node_modules/npm/node_modules/npm-registry-client/lib/request.js:264:12)
32 verbose stack     at CachingRegistryClient.<anonymous> (/home/baysao/.nvm/versions/node/v4.2.2/lib/node_modules/npm/node_modules/npm-registry-client/lib/request.js:242:14)
32 verbose stack     at Request._callback (/home/baysao/.nvm/versions/node/v4.2.2/lib/node_modules/npm/node_modules/npm-registry-client/lib/request.js:172:14)
32 verbose stack     at Request.self.callback (/home/baysao/.nvm/versions/node/v4.2.2/lib/node_modules/npm/node_modules/request/request.js:198:22)
32 verbose stack     at emitTwo (events.js:87:13)
32 verbose stack     at Request.emit (events.js:172:7)
32 verbose stack     at Request.<anonymous> (/home/baysao/.nvm/versions/node/v4.2.2/lib/node_modules/npm/node_modules/request/request.js:1063:14)
32 verbose stack     at emitOne (events.js:82:20)
32 verbose stack     at Request.emit (events.js:169:7)
32 verbose stack     at IncomingMessage.<anonymous> (/home/baysao/.nvm/versions/node/v4.2.2/lib/node_modules/npm/node_modules/request/request.js:1009:12)
33 verbose statusCode 404
34 verbose pkgid requirejs-promise
35 verbose cwd /home/baysao/Project/gao/admin/public
36 error Linux 4.3.0-040300-generic
37 error argv "/home/baysao/.nvm/versions/node/v4.2.2/bin/node" "/usr/bin/npm" "install" "requirejs-promise" "--save"
38 error node v4.2.2
39 error npm  v2.14.7
40 error code E404
41 error 404 Registry returned 404 for GET on https://registry.npmjs.org/requirejs-promise
41 error 404
41 error 404 'requirejs-promise' is not in the npm registry.
41 error 404 You should bug the author to publish it (or use the name yourself!)
41 error 404
41 error 404 Note that you can also install from a
41 error 404 tarball, folder, http url, or git url.
42 verbose exit [ 1, true ]
